UAALExportedUnityProjectForAndroid/unityLibrary/build/intermediates/manifest_merge_blame_file/release/manifest-merger-blame-release-report.txt
1<?xml version="1.0" encoding="utf-8"?>
2<!-- GENERATED BY UNITY. REMOVE THIS COMMENT TO PREVENT OVERWRITING WHEN EXPORTING AGAIN -->
3<manifest xmlns:android="http://schemas.android.com/apk/res/android"
4    xmlns:tools="http://schemas.android.com/tools"
5    package="com.unity3d.player" >
6
7    <uses-sdk
8        android:minSdkVersion="19"
8-->src\main\AndroidManifest.xml
9        android:targetSdkVersion="30" />
9-->src\main\AndroidManifest.xml
10
11    <uses-feature android:glEsVersion="0x00030000" />
11-->src\main\AndroidManifest.xml:17:3-52
11-->src\main\AndroidManifest.xml:17:17-49
12    <uses-feature
12-->src\main\AndroidManifest.xml:18:3-91
13        android:name="android.hardware.vulkan.version"
13-->src\main\AndroidManifest.xml:18:17-63
14        android:required="false" />
14-->src\main\AndroidManifest.xml:18:64-88
15    <uses-feature
15-->src\main\AndroidManifest.xml:19:3-88
16        android:name="android.hardware.touchscreen"
16-->src\main\AndroidManifest.xml:19:17-60
17        android:required="false" />
17-->src\main\AndroidManifest.xml:19:61-85
18    <uses-feature
18-->src\main\AndroidManifest.xml:20:3-99
19        android:name="android.hardware.touchscreen.multitouch"
19-->src\main\AndroidManifest.xml:20:17-71
20        android:required="false" />
20-->src\main\AndroidManifest.xml:20:72-96
21    <uses-feature
21-->src\main\AndroidManifest.xml:21:3-108
22        android:name="android.hardware.touchscreen.multitouch.distinct"
22-->src\main\AndroidManifest.xml:21:17-80
23        android:required="false" />
23-->src\main\AndroidManifest.xml:21:81-105
24
25    <application>
25-->src\main\AndroidManifest.xml:4:3-16:17
26        <activity
26-->src\main\AndroidManifest.xml:5:5-11:16
27            android:name="com.unity3d.player.UnityPlayerActivity"
27-->src\main\AndroidManifest.xml:5:15-68
28            android:configChanges="mcc|mnc|locale|touchscreen|keyboard|keyboardHidden|navigation|orientation|screenLayout|uiMode|screenSize|smallestScreenSize|fontScale|layoutDirection|density"
28-->src\main\AndroidManifest.xml:5:182-363
29            android:exported="true"
29-->src\main\AndroidManifest.xml:5:435-458
30            android:hardwareAccelerated="false"
30-->src\main\AndroidManifest.xml:5:399-434
31            android:launchMode="singleTask"
31-->src\main\AndroidManifest.xml:5:150-181
32            android:resizeableActivity="false"
32-->src\main\AndroidManifest.xml:5:364-398
33            android:screenOrientation="fullSensor"
33-->src\main\AndroidManifest.xml:5:111-149
34            android:theme="@style/UnityThemeSelector" >
34-->src\main\AndroidManifest.xml:5:69-110
35
36            <!-- <intent-filter> -->
37            <!-- <action android:name="android.intent.action.MAIN" /> -->
38            <!-- <category android:name="android.intent.category.LAUNCHER" /> -->
39            <!-- </intent-filter> -->
40            <meta-data
40-->src\main\AndroidManifest.xml:10:7-82
41                android:name="unityplayer.UnityActivity"
41-->src\main\AndroidManifest.xml:10:18-58
42                android:value="true" />
42-->src\main\AndroidManifest.xml:10:59-79
43        </activity>
44
45        <meta-data
45-->src\main\AndroidManifest.xml:12:5-69
46            android:name="unity.splash-mode"
46-->src\main\AndroidManifest.xml:12:16-48
47            android:value="0" />
47-->src\main\AndroidManifest.xml:12:49-66
48        <meta-data
48-->src\main\AndroidManifest.xml:13:5-74
49            android:name="unity.splash-enable"
49-->src\main\AndroidManifest.xml:13:16-50
50            android:value="True" />
50-->src\main\AndroidManifest.xml:13:51-71
51        <meta-data
51-->src\main\AndroidManifest.xml:14:5-84
52            android:name="unity.allow-resizable-window"
52-->src\main\AndroidManifest.xml:14:16-59
53            android:value="False" />
53-->src\main\AndroidManifest.xml:14:60-81
54        <meta-data
54-->src\main\AndroidManifest.xml:15:5-101
55            android:name="unity.build-id"
55-->src\main\AndroidManifest.xml:15:16-45
56            android:value="fdfcbaf6-1ece-4b0c-8222-713a86891738" />
56-->src\main\AndroidManifest.xml:15:46-98
57    </application>
58
59</manifest>